<?xml version="1.0" encoding="UTF-8"?>
<!-- Generated by org.testng.reporters.JUnitXMLReporter -->
<testsuite ignored="3" hostname="phuongthao" failures="0" tests="1" name="Default test" time="11.326" errors="0" timestamp="2026-02-10T17:32:17 ICT">
  <testcase classname="Railway.BookTicket" name="TC12" time="7.72"/>
  <testcase classname="Railway.BookTicket" name="TC13" time="0.0">
    <ignored/>
  </testcase> <!-- TC13 -->
  <testcase classname="Railway.BookTicket" name="TC15" time="0.0">
    <ignored/>
  </testcase> <!-- TC15 -->
  <testcase classname="Railway.BookTicket" name="TC14" time="0.0">
    <ignored/>
  </testcase> <!-- TC14 -->
</testsuite> <!-- Default test -->
