<?xml version="1.0" encoding="UTF-8"?>
<testng-results ignored="3" total="4" passed="1" failed="0" skipped="0">
  <reporter-output>
  </reporter-output>
  <suite started-at="2026-02-10T17:32:06 ICT" name="Default suite" finished-at="2026-02-10T17:32:17 ICT" duration-ms="11326">
    <groups>
    </groups>
    <test started-at="2026-02-10T17:32:06 ICT" name="Default test" finished-at="2026-02-10T17:32:17 ICT" duration-ms="11326">
      <class name="Railway.BookTicket">
        <test-method is-config="true" signature="beforeMethod()[pri:0, instance:Railway.BookTicket@36fc695d]" started-at="2026-02-10T17:32:06 ICT" name="beforeMethod" finished-at="2026-02-10T17:32:09 ICT" duration-ms="3553" status="PASS">
          <reporter-output>
          </reporter-output>
        </test-method> <!-- beforeMethod -->
        <test-method signature="TC12()[pri:0, instance:Railway.BookTicket@36fc695d]" started-at="2026-02-10T17:32:09 ICT" name="TC12" finished-at="2026-02-10T17:32:17 ICT" duration-ms="7720" status="PASS">
          <reporter-output>
          </reporter-output>
        </test-method> <!-- TC12 -->
      </class> <!-- Railway.BookTicket -->
    </test> <!-- Default test -->
  </suite> <!-- Default suite -->
</testng-results>
