<?xml version="1.0" encoding="UTF-8"?>
<testng-results ignored="1" total="2" passed="1" failed="0" skipped="0">
  <reporter-output>
  </reporter-output>
  <suite started-at="2026-02-10T05:30:17 ICT" name="Default suite" finished-at="2026-02-10T05:30:27 ICT" duration-ms="10696">
    <groups>
    </groups>
    <test started-at="2026-02-10T05:30:17 ICT" name="Default test" finished-at="2026-02-10T05:30:27 ICT" duration-ms="10696">
      <class name="Railway.BookTicket">
        <test-method is-config="true" signature="beforeMethod()[pri:0, instance:Railway.BookTicket@411f53a0]" started-at="2026-02-10T05:30:17 ICT" name="beforeMethod" finished-at="2026-02-10T05:30:19 ICT" duration-ms="2550" status="PASS">
          <reporter-output>
          </reporter-output>
        </test-method> <!-- beforeMethod -->
        <test-method signature="TC13()[pri:0, instance:Railway.BookTicket@411f53a0]" started-at="2026-02-10T05:30:19 ICT" name="TC13" finished-at="2026-02-10T05:30:27 ICT" duration-ms="8061" status="PASS">
          <reporter-output>
          </reporter-output>
        </test-method> <!-- TC13 -->
      </class> <!-- Railway.BookTicket -->
    </test> <!-- Default test -->
  </suite> <!-- Default suite -->
</testng-results>
