<?xml version="1.0" encoding="UTF-8"?>
<testng-results ignored="4" total="5" passed="1" failed="0" skipped="0">
  <reporter-output>
  </reporter-output>
  <suite started-at="2026-02-19T07:52:17 GMT+07:00" name="Default suite" finished-at="2026-02-19T07:52:28 GMT+07:00" duration-ms="11736">
    <groups>
    </groups>
    <test started-at="2026-02-19T07:52:17 GMT+07:00" name="Default test" finished-at="2026-02-19T07:52:28 GMT+07:00" duration-ms="11736">
      <class name="Railway.LoginTest">
        <test-method is-config="true" signature="beforeMethod(java.lang.String)[pri:0, instance:Railway.LoginTest@619713e5]" started-at="2026-02-19T07:52:17 GMT+07:00" name="beforeMethod" finished-at="2026-02-19T07:52:19 GMT+07:00" duration-ms="2111" status="PASS">
          <params>
            <param index="0">
              <value>
                <![CDATA[chrome]]>
              </value>
            </param>
          </params>
          <reporter-output>
          </reporter-output>
        </test-method> <!-- beforeMethod -->
        <test-method signature="TC05()[pri:0, instance:Railway.LoginTest@619713e5]" started-at="2026-02-19T07:52:19 GMT+07:00" name="TC05" finished-at="2026-02-19T07:52:28 GMT+07:00" duration-ms="9568" status="PASS">
          <reporter-output>
          </reporter-output>
        </test-method> <!-- TC05 -->
      </class> <!-- Railway.LoginTest -->
    </test> <!-- Default test -->
  </suite> <!-- Default suite -->
</testng-results>
