<?xml version="1.0" encoding="UTF-8"?>
<testng-results ignored="0" total="1" passed="1" failed="0" skipped="0">
  <reporter-output>
  </reporter-output>
  <suite started-at="2026-02-04T17:34:08 ICT" name="Default suite" finished-at="2026-02-04T17:34:22 ICT" duration-ms="13905">
    <groups>
    </groups>
    <test started-at="2026-02-04T17:34:08 ICT" name="Default test" finished-at="2026-02-04T17:34:22 ICT" duration-ms="13905">
      <class name="Railway.TC06">
        <test-method is-config="true" signature="beforeMethod()[pri:0, instance:Railway.TC06@6771beb3]" started-at="2026-02-04T17:34:08 ICT" name="beforeMethod" finished-at="2026-02-04T17:34:13 ICT" duration-ms="5116" status="PASS">
          <reporter-output>
          </reporter-output>
        </test-method> <!-- beforeMethod -->
        <test-method signature="TestCase06()[pri:0, instance:Railway.TC06@6771beb3]" started-at="2026-02-04T17:34:13 ICT" name="TestCase06" finished-at="2026-02-04T17:34:22 ICT" duration-ms="8718" status="PASS">
          <reporter-output>
          </reporter-output>
        </test-method> <!-- TestCase06 -->
      </class> <!-- Railway.TC06 -->
    </test> <!-- Default test -->
  </suite> <!-- Default suite -->
</testng-results>
