<?xml version="1.0" encoding="UTF-8"?>
<testng-results ignored="0" total="1" passed="1" failed="0" skipped="0">
  <reporter-output>
  </reporter-output>
  <suite started-at="2026-02-12T08:15:59 ICT" name="Default suite" finished-at="2026-02-12T08:16:11 ICT" duration-ms="11602">
    <groups>
    </groups>
    <test started-at="2026-02-12T08:15:59 ICT" name="Default test" finished-at="2026-02-12T08:16:11 ICT" duration-ms="11602">
      <class name="Railway.LogoutTest">
        <test-method is-config="true" signature="beforeMethod(java.lang.String)[pri:0, instance:Railway.LogoutTest@62379589]" started-at="2026-02-12T08:15:59 ICT" name="beforeMethod" finished-at="2026-02-12T08:16:01 ICT" duration-ms="1987" status="PASS">
          <params>
            <param index="0">
              <value>
                <![CDATA[chrome]]>
              </value>
            </param>
          </params>
          <reporter-output>
          </reporter-output>
        </test-method> <!-- beforeMethod -->
        <test-method signature="TC06()[pri:0, instance:Railway.LogoutTest@62379589]" started-at="2026-02-12T08:16:01 ICT" name="TC06" finished-at="2026-02-12T08:16:11 ICT" duration-ms="9340" status="PASS">
          <reporter-output>
          </reporter-output>
        </test-method> <!-- TC06 -->
        <test-method is-config="true" signature="afterMethod()[pri:0, instance:Railway.LogoutTest@62379589]" started-at="2026-02-12T08:16:11 ICT" name="afterMethod" finished-at="2026-02-12T08:16:11 ICT" duration-ms="219" status="PASS">
          <reporter-output>
          </reporter-output>
        </test-method> <!-- afterMethod -->
      </class> <!-- Railway.LogoutTest -->
    </test> <!-- Default test -->
  </suite> <!-- Default suite -->
</testng-results>
