<?xml version="1.0" encoding="UTF-8"?>
<testng-results ignored="0" total="1" passed="1" failed="0" skipped="0">
  <reporter-output>
  </reporter-output>
  <suite started-at="2026-02-03T16:24:59 ICT" name="Default suite" finished-at="2026-02-03T16:25:16 ICT" duration-ms="17550">
    <groups>
    </groups>
    <test started-at="2026-02-03T16:24:59 ICT" name="Default test" finished-at="2026-02-03T16:25:16 ICT" duration-ms="17550">
      <class name="Railway.LoginTest">
        <test-method is-config="true" signature="beforeMethod()[pri:0, instance:Railway.LoginTest@2d3379b4]" started-at="2026-02-03T16:24:59 ICT" name="beforeMethod" finished-at="2026-02-03T16:25:03 ICT" duration-ms="4859" status="PASS">
          <reporter-output>
          </reporter-output>
        </test-method> <!-- beforeMethod -->
        <test-method signature="TC01()[pri:0, instance:Railway.LoginTest@2d3379b4]" started-at="2026-02-03T16:25:04 ICT" name="TC01" finished-at="2026-02-03T16:25:16 ICT" duration-ms="12610" status="PASS">
          <reporter-output>
          </reporter-output>
        </test-method> <!-- TC01 -->
      </class> <!-- Railway.LoginTest -->
    </test> <!-- Default test -->
  </suite> <!-- Default suite -->
</testng-results>
