<?xml version="1.0" encoding="UTF-8"?>
<testng-results ignored="0" total="1" passed="1" failed="0" skipped="0">
  <reporter-output>
  </reporter-output>
  <suite started-at="2026-02-10T04:57:21 ICT" name="Default suite" finished-at="2026-02-10T04:57:34 ICT" duration-ms="13620">
    <groups>
    </groups>
    <test started-at="2026-02-10T04:57:21 ICT" name="Default test" finished-at="2026-02-10T04:57:34 ICT" duration-ms="13620">
      <class name="Railway.BookTicket">
        <test-method is-config="true" signature="beforeMethod()[pri:0, instance:Railway.BookTicket@6b2ea799]" started-at="2026-02-10T04:57:21 ICT" name="beforeMethod" finished-at="2026-02-10T04:57:25 ICT" duration-ms="4506" status="PASS">
          <reporter-output>
          </reporter-output>
        </test-method> <!-- beforeMethod -->
        <test-method signature="TC12()[pri:0, instance:Railway.BookTicket@6b2ea799]" started-at="2026-02-10T04:57:25 ICT" name="TC12" finished-at="2026-02-10T04:57:34 ICT" duration-ms="9005" status="PASS">
          <reporter-output>
          </reporter-output>
        </test-method> <!-- TC12 -->
      </class> <!-- Railway.BookTicket -->
    </test> <!-- Default test -->
  </suite> <!-- Default suite -->
</testng-results>
