<?xml version="1.0" encoding="UTF-8"?>
<testng-results ignored="1" total="2" passed="1" failed="0" skipped="0">
  <reporter-output>
  </reporter-output>
  <suite started-at="2026-02-20T05:59:20 GMT+07:00" name="Default suite" finished-at="2026-02-20T06:00:06 GMT+07:00" duration-ms="45788">
    <groups>
    </groups>
    <test started-at="2026-02-20T05:59:20 GMT+07:00" name="Default test" finished-at="2026-02-20T06:00:06 GMT+07:00" duration-ms="45788">
      <class name="Railway.ResetPasswordTest">
        <test-method is-config="true" signature="beforeMethod(java.lang.String)[pri:0, instance:Railway.ResetPasswordTest@c33b74f]" started-at="2026-02-20T05:59:20 GMT+07:00" name="beforeMethod" finished-at="2026-02-20T05:59:22 GMT+07:00" duration-ms="1801" status="PASS">
          <params>
            <param index="0">
              <value>
                <![CDATA[chrome]]>
              </value>
            </param>
          </params>
          <reporter-output>
          </reporter-output>
        </test-method> <!-- beforeMethod -->
        <test-method signature="TC11()[pri:0, instance:Railway.ResetPasswordTest@c33b74f]" started-at="2026-02-20T05:59:22 GMT+07:00" name="TC11" finished-at="2026-02-20T06:00:06 GMT+07:00" duration-ms="43931" status="PASS">
          <reporter-output>
          </reporter-output>
        </test-method> <!-- TC11 -->
      </class> <!-- Railway.ResetPasswordTest -->
    </test> <!-- Default test -->
  </suite> <!-- Default suite -->
</testng-results>
