<?xml version="1.0" encoding="UTF-8"?>
<testng-results ignored="2" total="3" passed="1" failed="0" skipped="0">
  <reporter-output>
  </reporter-output>
  <suite started-at="2026-02-08T17:31:08 ICT" name="Default suite" finished-at="2026-02-08T17:31:38 ICT" duration-ms="30127">
    <groups>
    </groups>
    <test started-at="2026-02-08T17:31:08 ICT" name="Default test" finished-at="2026-02-08T17:31:38 ICT" duration-ms="30127">
      <class name="Railway.CreateAccount">
        <test-method is-config="true" signature="beforeMethod()[pri:0, instance:Railway.CreateAccount@2b71e916]" started-at="2026-02-08T17:31:08 ICT" name="beforeMethod" finished-at="2026-02-08T17:31:12 ICT" duration-ms="3798" status="PASS">
          <reporter-output>
          </reporter-output>
        </test-method> <!-- beforeMethod -->
        <test-method signature="TC09()[pri:0, instance:Railway.CreateAccount@2b71e916]" started-at="2026-02-08T17:31:12 ICT" name="TC09" finished-at="2026-02-08T17:31:38 ICT" duration-ms="26191" status="PASS">
          <reporter-output>
          </reporter-output>
        </test-method> <!-- TC09 -->
      </class> <!-- Railway.CreateAccount -->
    </test> <!-- Default test -->
  </suite> <!-- Default suite -->
</testng-results>
